# JRE version: OpenJDK Runtime Environment Temurin-17.0.4.1+1 (17.0.4.1+1) (build 17.0.4.1+1)
# Java VM: OpenJDK 64-Bit Server VM Temurin-17.0.4.1+1 (17.0.4.1+1, mixed mode, emulated-client, tiered, compressed oops, compressed class ptrs, g1 gc, windows-amd64)
GC Precious Log:
 CPUs: 8 total, 8 available
 Memory: 7629M
 Large Page Support: Disabled
 NUMA Support: Disabled
 Compressed Oops: Enabled (32-bit)
 Heap Region Size: 1M
 Heap Min Capacity: 8M
 Heap Initial Capacity: 120M
 Heap Max Capacity: 1908M
 Pre-touch: Disabled
 Parallel Workers: 8
 Concurrent Workers: 2
 Concurrent Refinement Workers: 8
 Periodic GC: Disabled
Heap:
 garbage-first heap   total 122880K, used 74994K [0x0000000088c00000, 0x0000000100000000)
  region size 1024K, 2 young (2048K), 2 survivors (2048K)
 Metaspace       used 38805K, committed 39232K, reserved 1089536K
  class space    used 4909K, committed 5120K, reserved 1048576K
GC Heap History (20 events):
Event: 7.860 GC heap after
{Heap after GC invocations=7 (full 0):
 garbage-first heap   total 48128K, used 17077K [0x0000000088c00000, 0x0000000100000000)
  region size 1024K, 3 young (3072K), 3 survivors (3072K)
 Metaspace       used 28126K, committed 28352K, reserved 1081344K
  class space    used 3515K, committed 3648K, reserved 1048576K
}
Event: 9.073 GC heap before
{Heap before GC invocations=7 (full 0):
 garbage-first heap   total 48128K, used 33461K [0x0000000088c00000, 0x0000000100000000)
  region size 1024K, 19 young (19456K), 3 survivors (3072K)
 Metaspace       used 31418K, committed 31744K, reserved 1081344K
  class space    used 3968K, committed 4096K, reserved 1048576K
}
Event: 9.089 GC heap after
{Heap after GC invocations=8 (full 0):
 garbage-first heap   total 90112K, used 17876K [0x0000000088c00000, 0x0000000100000000)
  region size 1024K, 2 young (2048K), 2 survivors (2048K)
 Metaspace       used 31418K, committed 31744K, reserved 1081344K
  class space    used 3968K, committed 4096K, reserved 1048576K
}
Event: 10.315 GC heap before
{Heap before GC invocations=8 (full 0):
 garbage-first heap   total 90112K, used 63956K [0x0000000088c00000, 0x0000000100000000)
  region size 1024K, 47 young (48128K), 2 survivors (2048K)
 Metaspace       used 35462K, committed 35776K, reserved 1081344K
  class space    used 4600K, committed 4736K, reserved 1048576K
}
Event: 10.329 GC heap after
{Heap after GC invocations=9 (full 0):
 garbage-first heap   total 90112K, used 24884K [0x0000000088c00000, 0x0000000100000000)
  region size 1024K, 6 young (6144K), 6 survivors (6144K)
 Metaspace       used 35462K, committed 35776K, reserved 1081344K
  class space    used 4600K, committed 4736K, reserved 1048576K
}
Event: 10.753 GC heap before
{Heap before GC invocations=9 (full 0):
 garbage-first heap   total 90112K, used 60724K [0x0000000088c00000, 0x0000000100000000)
  region size 1024K, 42 young (43008K), 6 survivors (6144K)
 Metaspace       used 35683K, committed 36032K, reserved 1081344K
  class space    used 4637K, committed 4800K, reserved 1048576K
}
Event: 10.764 GC heap after
{Heap after GC invocations=10 (full 0):
 garbage-first heap   total 90112K, used 31060K [0x0000000088c00000, 0x0000000100000000)
  region size 1024K, 6 young (6144K), 6 survivors (6144K)
 Metaspace       used 35683K, committed 36032K, reserved 1081344K
  class space    used 4637K, committed 4800K, reserved 1048576K
}
Event: 10.835 GC heap before
{Heap before GC invocations=10 (full 0):
 garbage-first heap   total 90112K, used 41300K [0x0000000088c00000, 0x0000000100000000)
  region size 1024K, 17 young (17408K), 6 survivors (6144K)
 Metaspace       used 35867K, committed 36160K, reserved 1081344K
  class space    used 4656K, committed 4800K, reserved 1048576K
}
Event: 10.842 GC heap after
{Heap after GC invocations=11 (full 0):
 garbage-first heap   total 90112K, used 33200K [0x0000000088c00000, 0x0000000100000000)
  region size 1024K, 2 young (2048K), 2 survivors (2048K)
 Metaspace       used 35867K, committed 36160K, reserved 1081344K
  class space    used 4656K, committed 4800K, reserved 1048576K
}
Event: 11.016 GC heap before
{Heap before GC invocations=12 (full 0):
 garbage-first heap   total 90112K, used 62896K [0x0000000088c00000, 0x0000000100000000)
  region size 1024K, 32 young (32768K), 2 survivors (2048K)
 Metaspace       used 36269K, committed 36608K, reserved 1081344K
  class space    used 4685K, committed 4864K, reserved 1048576K
}
Event: 11.025 GC heap after
{Heap after GC invocations=13 (full 0):
 garbage-first heap   total 90112K, used 39347K [0x0000000088c00000, 0x0000000100000000)
  region size 1024K, 4 young (4096K), 4 survivors (4096K)
 Metaspace       used 36269K, committed 36608K, reserved 1081344K
  class space    used 4685K, committed 4864K, reserved 1048576K
}
Event: 11.148 GC heap before
{Heap before GC invocations=13 (full 0):
 garbage-first heap   total 90112K, used 65971K [0x0000000088c00000, 0x0000000100000000)
  region size 1024K, 30 young (30720K), 4 survivors (4096K)
 Metaspace       used 36602K, committed 36928K, reserved 1081344K
  class space    used 4715K, committed 4864K, reserved 1048576K
}
Event: 11.161 GC heap after
{Heap after GC invocations=14 (full 0):
 garbage-first heap   total 115712K, used 46179K [0x0000000088c00000, 0x0000000100000000)
  region size 1024K, 4 young (4096K), 4 survivors (4096K)
 Metaspace       used 36602K, committed 36928K, reserved 1081344K
  class space    used 4715K, committed 4864K, reserved 1048576K
}
Event: 11.808 GC heap before
{Heap before GC invocations=14 (full 0):
 garbage-first heap   total 115712K, used 79971K [0x0000000088c00000, 0x0000000100000000)
  region size 1024K, 38 young (38912K), 4 survivors (4096K)
 Metaspace       used 38670K, committed 39040K, reserved 1089536K
  class space    used 4891K, committed 5056K, reserved 1048576K
}
Event: 11.819 GC heap after
{Heap after GC invocations=15 (full 0):
 garbage-first heap   total 115712K, used 52511K [0x0000000088c00000, 0x0000000100000000)
  region size 1024K, 5 young (5120K), 5 survivors (5120K)
 Metaspace       used 38670K, committed 39040K, reserved 1089536K
  class space    used 4891K, committed 5056K, reserved 1048576K
}
Event: 12.013 GC heap before
{Heap before GC invocations=15 (full 0):
 garbage-first heap   total 115712K, used 86303K [0x0000000088c00000, 0x0000000100000000)
  region size 1024K, 36 young (36864K), 5 survivors (5120K)
 Metaspace       used 38781K, committed 39232K, reserved 1089536K
  class space    used 4905K, committed 5120K, reserved 1048576K
}
Event: 12.056 GC heap after
{Heap after GC invocations=16 (full 0):
 garbage-first heap   total 115712K, used 72390K [0x0000000088c00000, 0x0000000100000000)
  region size 1024K, 5 young (5120K), 5 survivors (5120K)
 Metaspace       used 38781K, committed 39232K, reserved 1089536K
  class space    used 4905K, committed 5120K, reserved 1048576K
}
Event: 12.087 GC heap before
{Heap before GC invocations=16 (full 0):
 garbage-first heap   total 115712K, used 86726K [0x0000000088c00000, 0x0000000100000000)
  region size 1024K, 20 young (20480K), 5 survivors (5120K)
 Metaspace       used 38783K, committed 39232K, reserved 1089536K
  class space    used 4906K, committed 5120K, reserved 1048576K
}
Event: 12.090 GC heap after
{Heap after GC invocations=17 (full 0):
 garbage-first heap   total 115712K, used 74541K [0x0000000088c00000, 0x0000000100000000)
  region size 1024K, 2 young (2048K), 2 survivors (2048K)
 Metaspace       used 38783K, committed 39232K, reserved 1089536K
  class space    used 4906K, committed 5120K, reserved 1048576K
}
Event: 12.123 GC heap before
{Heap before GC invocations=17 (full 0):
 garbage-first heap   total 115712K, used 88877K [0x0000000088c00000, 0x0000000100000000)
  region size 1024K, 17 young (17408K), 2 survivors (2048K)
 Metaspace       used 38805K, committed 39232K, reserved 1089536K
  class space    used 4909K, committed 5120K, reserved 1048576K
}

