# JRE version: OpenJDK Runtime Environment Temurin-17.0.4.1+1 (17.0.4.1+1) (build 17.0.4.1+1)
# Java VM: OpenJDK 64-Bit Server VM Temurin-17.0.4.1+1 (17.0.4.1+1, mixed mode, emulated-client, tiered, compressed oops, compressed class ptrs, g1 gc, windows-amd64)
GC Precious Log:
 CPUs: 8 total, 8 available
 Memory: 7629M
 Large Page Support: Disabled
 NUMA Support: Disabled
 Compressed Oops: Enabled (32-bit)
 Heap Region Size: 1M
 Heap Min Capacity: 8M
 Heap Initial Capacity: 120M
 Heap Max Capacity: 1908M
 Pre-touch: Disabled
 Parallel Workers: 8
 Concurrent Workers: 2
 Concurrent Refinement Workers: 8
 Periodic GC: Disabled
Heap:
 garbage-first heap   total 112640K, used 33181K [0x0000000088c00000, 0x0000000100000000)
  region size 1024K, 1 young (1024K), 0 survivors (0K)
 Metaspace       used 53342K, committed 53760K, reserved 1097728K
  class space    used 7091K, committed 7296K, reserved 1048576K
GC Heap History (20 events):
Event: 27117.422 GC heap before
{Heap before GC invocations=2418 (full 2371):
 garbage-first heap   total 112640K, used 33181K [0x0000000088c00000, 0x0000000100000000)
  region size 1024K, 1 young (1024K), 0 survivors (0K)
 Metaspace       used 53342K, committed 53760K, reserved 1097728K
  class space    used 7091K, committed 7296K, reserved 1048576K
}
Event: 27117.490 GC heap after
{Heap after GC invocations=2419 (full 2372):
 garbage-first heap   total 112640K, used 33181K [0x0000000088c00000, 0x0000000100000000)
  region size 1024K, 0 young (0K), 0 survivors (0K)
 Metaspace       used 53342K, committed 53760K, reserved 1097728K
  class space    used 7091K, committed 7296K, reserved 1048576K
}
Event: 27127.876 GC heap before
{Heap before GC invocations=2419 (full 2372):
 garbage-first heap   total 112640K, used 33181K [0x0000000088c00000, 0x0000000100000000)
  region size 1024K, 1 young (1024K), 0 survivors (0K)
 Metaspace       used 53342K, committed 53760K, reserved 1097728K
  class space    used 7091K, committed 7296K, reserved 1048576K
}
Event: 27127.943 GC heap after
{Heap after GC invocations=2420 (full 2373):
 garbage-first heap   total 112640K, used 33181K [0x0000000088c00000, 0x0000000100000000)
  region size 1024K, 0 young (0K), 0 survivors (0K)
 Metaspace       used 53342K, committed 53760K, reserved 1097728K
  class space    used 7091K, committed 7296K, reserved 1048576K
}
Event: 27138.331 GC heap before
{Heap before GC invocations=2420 (full 2373):
 garbage-first heap   total 112640K, used 33181K [0x0000000088c00000, 0x0000000100000000)
  region size 1024K, 1 young (1024K), 0 survivors (0K)
 Metaspace       used 53342K, committed 53760K, reserved 1097728K
  class space    used 7091K, committed 7296K, reserved 1048576K
}
Event: 27138.403 GC heap after
{Heap after GC invocations=2421 (full 2374):
 garbage-first heap   total 112640K, used 33181K [0x0000000088c00000, 0x0000000100000000)
  region size 1024K, 0 young (0K), 0 survivors (0K)
 Metaspace       used 53342K, committed 53760K, reserved 1097728K
  class space    used 7091K, committed 7296K, reserved 1048576K
}
Event: 27148.778 GC heap before
{Heap before GC invocations=2421 (full 2374):
 garbage-first heap   total 112640K, used 33181K [0x0000000088c00000, 0x0000000100000000)
  region size 1024K, 1 young (1024K), 0 survivors (0K)
 Metaspace       used 53342K, committed 53760K, reserved 1097728K
  class space    used 7091K, committed 7296K, reserved 1048576K
}
Event: 27148.859 GC heap after
{Heap after GC invocations=2422 (full 2375):
 garbage-first heap   total 112640K, used 33181K [0x0000000088c00000, 0x0000000100000000)
  region size 1024K, 0 young (0K), 0 survivors (0K)
 Metaspace       used 53342K, committed 53760K, reserved 1097728K
  class space    used 7091K, committed 7296K, reserved 1048576K
}
Event: 27159.230 GC heap before
{Heap before GC invocations=2422 (full 2375):
 garbage-first heap   total 112640K, used 33181K [0x0000000088c00000, 0x0000000100000000)
  region size 1024K, 1 young (1024K), 0 survivors (0K)
 Metaspace       used 53342K, committed 53760K, reserved 1097728K
  class space    used 7091K, committed 7296K, reserved 1048576K
}
Event: 27159.302 GC heap after
{Heap after GC invocations=2423 (full 2376):
 garbage-first heap   total 112640K, used 33181K [0x0000000088c00000, 0x0000000100000000)
  region size 1024K, 0 young (0K), 0 survivors (0K)
 Metaspace       used 53342K, committed 53760K, reserved 1097728K
  class space    used 7091K, committed 7296K, reserved 1048576K
}
Event: 27169.688 GC heap before
{Heap before GC invocations=2423 (full 2376):
 garbage-first heap   total 112640K, used 33181K [0x0000000088c00000, 0x0000000100000000)
  region size 1024K, 1 young (1024K), 0 survivors (0K)
 Metaspace       used 53342K, committed 53760K, reserved 1097728K
  class space    used 7091K, committed 7296K, reserved 1048576K
}
Event: 27169.761 GC heap after
{Heap after GC invocations=2424 (full 2377):
 garbage-first heap   total 112640K, used 33181K [0x0000000088c00000, 0x0000000100000000)
  region size 1024K, 0 young (0K), 0 survivors (0K)
 Metaspace       used 53342K, committed 53760K, reserved 1097728K
  class space    used 7091K, committed 7296K, reserved 1048576K
}
Event: 27180.140 GC heap before
{Heap before GC invocations=2424 (full 2377):
 garbage-first heap   total 112640K, used 33181K [0x0000000088c00000, 0x0000000100000000)
  region size 1024K, 1 young (1024K), 0 survivors (0K)
 Metaspace       used 53342K, committed 53760K, reserved 1097728K
  class space    used 7091K, committed 7296K, reserved 1048576K
}
Event: 27180.208 GC heap after
{Heap after GC invocations=2425 (full 2378):
 garbage-first heap   total 112640K, used 33181K [0x0000000088c00000, 0x0000000100000000)
  region size 1024K, 0 young (0K), 0 survivors (0K)
 Metaspace       used 53342K, committed 53760K, reserved 1097728K
  class space    used 7091K, committed 7296K, reserved 1048576K
}
Event: 27190.585 GC heap before
{Heap before GC invocations=2425 (full 2378):
 garbage-first heap   total 112640K, used 33181K [0x0000000088c00000, 0x0000000100000000)
  region size 1024K, 1 young (1024K), 0 survivors (0K)
 Metaspace       used 53342K, committed 53760K, reserved 1097728K
  class space    used 7091K, committed 7296K, reserved 1048576K
}
Event: 27190.660 GC heap after
{Heap after GC invocations=2426 (full 2379):
 garbage-first heap   total 112640K, used 33181K [0x0000000088c00000, 0x0000000100000000)
  region size 1024K, 0 young (0K), 0 survivors (0K)
 Metaspace       used 53342K, committed 53760K, reserved 1097728K
  class space    used 7091K, committed 7296K, reserved 1048576K
}
Event: 27201.041 GC heap before
{Heap before GC invocations=2426 (full 2379):
 garbage-first heap   total 112640K, used 33181K [0x0000000088c00000, 0x0000000100000000)
  region size 1024K, 1 young (1024K), 0 survivors (0K)
 Metaspace       used 53342K, committed 53760K, reserved 1097728K
  class space    used 7091K, committed 7296K, reserved 1048576K
}
Event: 27201.120 GC heap after
{Heap after GC invocations=2427 (full 2380):
 garbage-first heap   total 112640K, used 33181K [0x0000000088c00000, 0x0000000100000000)
  region size 1024K, 0 young (0K), 0 survivors (0K)
 Metaspace       used 53342K, committed 53760K, reserved 1097728K
  class space    used 7091K, committed 7296K, reserved 1048576K
}
Event: 27211.490 GC heap before
{Heap before GC invocations=2427 (full 2380):
 garbage-first heap   total 112640K, used 33181K [0x0000000088c00000, 0x0000000100000000)
  region size 1024K, 1 young (1024K), 0 survivors (0K)
 Metaspace       used 53342K, committed 53760K, reserved 1097728K
  class space    used 7091K, committed 7296K, reserved 1048576K
}
Event: 27211.558 GC heap after
{Heap after GC invocations=2428 (full 2381):
 garbage-first heap   total 112640K, used 33181K [0x0000000088c00000, 0x0000000100000000)
  region size 1024K, 0 young (0K), 0 survivors (0K)
 Metaspace       used 53342K, committed 53760K, reserved 1097728K
  class space    used 7091K, committed 7296K, reserved 1048576K
}

